# JRE version: OpenJDK Runtime Environment (10.0.2+13) (build 10.0.2+13-Ubuntu-1ubuntu0.18.04.4)
# Java VM: OpenJDK 64-Bit Server VM (10.0.2+13-Ubuntu-1ubuntu0.18.04.4, mixed mode, tiered, compressed oops, g1 gc, linux-amd64)
Heap:
 garbage-first heap   total 190464K, used 6226K [0x00000000c3400000, 0x0000000100000000)
  region size 1024K, 1 young (1024K), 1 survivors (1024K)
 Metaspace       used 20277K, capacity 20647K, committed 20864K, reserved 1067008K
  class space    used 2198K, capacity 2367K, committed 2432K, reserved 1048576K
GC Heap History (10 events):
Event: 7.665 GC heap after
{Heap after GC invocations=1 (full 0):
 garbage-first heap   total 63488K, used 3925K [0x00000000c3400000, 0x0000000100000000)
  region size 1024K, 2 young (2048K), 2 survivors (2048K)
 Metaspace       used 11054K, capacity 11235K, committed 11392K, reserved 1058816K
  class space    used 1029K, capacity 1090K, committed 1152K, reserved 1048576K
}
Event: 9.320 GC heap before
{Heap before GC invocations=1 (full 0):
 garbage-first heap   total 63488K, used 15189K [0x00000000c3400000, 0x0000000100000000)
  region size 1024K, 13 young (13312K), 2 survivors (2048K)
 Metaspace       used 14473K, capacity 14753K, committed 15104K, reserved 1062912K
  class space    used 1401K, capacity 1527K, committed 1536K, reserved 1048576K
}
Event: 9.369 GC heap after
{Heap after GC invocations=2 (full 0):
 garbage-first heap   total 63488K, used 4980K [0x00000000c3400000, 0x0000000100000000)
  region size 1024K, 1 young (1024K), 1 survivors (1024K)
 Metaspace       used 14473K, capacity 14753K, committed 15104K, reserved 1062912K
  class space    used 1401K, capacity 1527K, committed 1536K, reserved 1048576K
}
Event: 25.921 GC heap before
{Heap before GC invocations=2 (full 0):
 garbage-first heap   total 63488K, used 28532K [0x00000000c3400000, 0x0000000100000000)
  region size 1024K, 24 young (24576K), 1 survivors (1024K)
 Metaspace       used 19027K, capacity 19311K, committed 19712K, reserved 1067008K
  class space    used 2072K, capacity 2194K, committed 2304K, reserved 1048576K
}
Event: 29.837 GC heap after
{Heap after GC invocations=3 (full 0):
 garbage-first heap   total 63488K, used 6136K [0x00000000c3400000, 0x0000000100000000)
  region size 1024K, 2 young (2048K), 2 survivors (2048K)
 Metaspace       used 19027K, capacity 19311K, committed 19712K, reserved 1067008K
  class space    used 2072K, capacity 2194K, committed 2304K, reserved 1048576K
}
Event: 40.829 GC heap before
{Heap before GC invocations=3 (full 0):
 garbage-first heap   total 63488K, used 7160K [0x00000000c3400000, 0x0000000100000000)
  region size 1024K, 3 young (3072K), 2 survivors (2048K)
 Metaspace       used 19174K, capacity 19565K, committed 19968K, reserved 1067008K
  class space    used 2097K, capacity 2261K, committed 2304K, reserved 1048576K
}
Event: 49.067 GC heap after
{Heap after GC invocations=4 (full 0):
 garbage-first heap   total 63488K, used 6349K [0x00000000c3400000, 0x0000000100000000)
  region size 1024K, 1 young (1024K), 1 survivors (1024K)
 Metaspace       used 19174K, capacity 19565K, committed 19968K, reserved 1067008K
  class space    used 2097K, capacity 2261K, committed 2304K, reserved 1048576K
}
Event: 97.822 GC heap before
{Heap before GC invocations=4 (full 0):
 garbage-first heap   total 63488K, used 8397K [0x00000000c3400000, 0x0000000100000000)
  region size 1024K, 3 young (3072K), 1 survivors (1024K)
 Metaspace       used 19816K, capacity 20167K, committed 20608K, reserved 1067008K
  class space    used 2162K, capacity 2335K, committed 2432K, reserved 1048576K
}
Event: 110.118 GC heap after
{Heap after GC invocations=5 (full 0):
 garbage-first heap   total 63488K, used 6216K [0x00000000c3400000, 0x0000000100000000)
  region size 1024K, 1 young (1024K), 1 survivors (1024K)
 Metaspace       used 19816K, capacity 20167K, committed 20608K, reserved 1067008K
  class space    used 2162K, capacity 2335K, committed 2432K, reserved 1048576K
}
Event: 177.898 GC heap before
{Heap before GC invocations=5 (full 0):
 garbage-first heap   total 63488K, used 8264K [0x00000000c3400000, 0x0000000100000000)
  region size 1024K, 3 young (3072K), 1 survivors (1024K)
 Metaspace       used 20277K, capacity 20647K, committed 20864K, reserved 1067008K
  class space    used 2198K, capacity 2367K, committed 2432K, reserved 1048576K
}

